<?xml version="1.0" encoding="UTF-8"?>
<!-- Generated by org.testng.reporters.JUnitReportReporter -->
<testsuite hostname="DESKTOP-TD0J7AM" failures="0" tests="1" name="vrltravelstest.vrlhometest" time="29.756" errors="0" timestamp="01 Nov 2021 11:29:58 GMT" skipped="0">
  <testcase classname="vrltravelstest.vrlhometest" name="searchh" time="29.756"/>
</testsuite> <!-- vrltravelstest.vrlhometest -->
